<?xml version="1.0" encoding="UTF-8"?>
<!-- Generated by org.testng.reporters.JUnitReportReporter -->
<testsuite hostname="LAPTOP-G8IRSE0F" failures="0" tests="2" name="com.learnautomation.testcases.LoginCRM" time="21.017" errors="0" timestamp="2021-07-11T15:52:48 IST" skipped="0">
  <testcase classname="com.learnautomation.testcases.LoginCRM" name="loginApp" time="19.551"/>
  <system-out/>
  <testcase classname="com.learnautomation.testcases.LoginCRM" name="loginApp1" time="1.466"/>
  <system-out/>
</testsuite> <!-- com.learnautomation.testcases.LoginCRM -->
